src-tauri/plugins/vpn/android/build/intermediates/manifest_merge_blame_file/debug/processDebugManifest/manifest-merger-blame-debug-report.txt
1<?xml version="1.0" encoding="utf-8"?>
2<manifest xmlns:android="http://schemas.android.com/apk/res/android"
3    package="app.prisma.vpn" >
4
5    <uses-sdk android:minSdkVersion="24" />
6
7    <uses-permission android:name="android.permission.INTERNET" />
7-->src\main\AndroidManifest.xml:3:5-67
7-->src\main\AndroidManifest.xml:3:22-64
8    <uses-permission android:name="android.permission.FOREGROUND_SERVICE" />
8-->src\main\AndroidManifest.xml:4:5-77
8-->src\main\AndroidManifest.xml:4:22-74
9    <uses-permission android:name="android.permission.FOREGROUND_SERVICE_SPECIAL_USE" />
9-->src\main\AndroidManifest.xml:5:5-89
9-->src\main\AndroidManifest.xml:5:22-86
10    <uses-permission android:name="android.permission.ACCESS_NETWORK_STATE" />
10-->src\main\AndroidManifest.xml:6:5-79
10-->src\main\AndroidManifest.xml:6:22-76
11    <uses-permission android:name="android.permission.CHANGE_NETWORK_STATE" />
11-->src\main\AndroidManifest.xml:7:5-79
11-->src\main\AndroidManifest.xml:7:22-76
12
13    <application>
13-->src\main\AndroidManifest.xml:9:5-19:19
14        <service
14-->src\main\AndroidManifest.xml:10:9-18:19
15            android:name="com.prisma.client.PrismaVpnService"
15-->src\main\AndroidManifest.xml:11:13-62
16            android:exported="false"
16-->src\main\AndroidManifest.xml:12:13-37
17            android:foregroundServiceType="specialUse"
17-->src\main\AndroidManifest.xml:14:13-55
18            android:permission="android.permission.BIND_VPN_SERVICE" >
18-->src\main\AndroidManifest.xml:13:13-69
19            <intent-filter>
19-->src\main\AndroidManifest.xml:15:13-17:29
20                <action android:name="android.net.VpnService" />
20-->src\main\AndroidManifest.xml:16:17-65
20-->src\main\AndroidManifest.xml:16:25-62
21            </intent-filter>
22        </service>
23    </application>
24
25</manifest>